<?xml version="1.0" encoding="UTF-8"?>
<!-- Generated by org.testng.reporters.JUnitReportReporter -->
<testsuite hostname="DESKTOP-6H66OCF" failures="0" tests="2" name="TestNg.TestNg" time="0.022" errors="0" timestamp="2022-03-15T21:40:16 IST" skipped="0">
  <testcase classname="TestNg.TestNg" name="testcase1" time="0.017"/>
  <system-out/>
  <testcase classname="TestNg.TestNg" name="testcase2" time="0.005"/>
  <system-out/>
</testsuite> <!-- TestNg.TestNg -->
