<?xml version="1.0" encoding="UTF-8"?>
<!-- Generated by org.testng.reporters.JUnitReportReporter -->
<testsuite hostname="DESKTOP-6H66OCF" failures="0" tests="2" name="TestNg.Ecommerce" time="15.941" errors="0" timestamp="2022-03-15T21:14:40 IST" skipped="0">
  <testcase classname="TestNg.Ecommerce" name="signup" time="10.585"/>
  <system-out/>
  <testcase classname="TestNg.Ecommerce" name="Login" time="5.356"/>
  <system-out/>
</testsuite> <!-- TestNg.Ecommerce -->
