<?xml version="1.0" encoding="UTF-8"?>
<!-- Generated by org.testng.reporters.JUnitReportReporter -->
<testsuite hostname="DESKTOP-6H66OCF" failures="0" tests="2" name="TestNg.Ecommerce" time="8.233" errors="0" timestamp="2022-03-16T16:03:55 IST" skipped="1">
  <testcase classname="TestNg.Ecommerce" name="Login" time="8.233"/>
  <system-out/>
  <testcase classname="TestNg.Ecommerce" name="signup">
    <skipped/>
  </testcase> <!-- signup -->
  <system-out/>
</testsuite> <!-- TestNg.Ecommerce -->
