<?xml version="1.0" encoding="UTF-8"?>
<!-- Generated by org.testng.reporters.JUnitReportReporter -->
<testsuite hostname="DESKTOP-6H66OCF" failures="0" tests="3" name="TestNg.Trello" time="4.100" errors="0" timestamp="2022-03-16T16:03:55 IST" skipped="0">
  <testcase classname="TestNg.Trello" name="createBoard" time="1.302"/>
  <system-out/>
  <testcase classname="TestNg.Trello" name="getboard" time="0.822"/>
  <system-out/>
  <testcase classname="TestNg.Trello" name="DeleteBoard" time="1.976"/>
  <system-out/>
</testsuite> <!-- TestNg.Trello -->
