<?xml version="1.0" encoding="UTF-8"?>
<!-- Generated by org.testng.reporters.JUnitReportReporter -->
<testsuite hostname="DESKTOP-6H66OCF" failures="0" tests="3" name="TestNg.Trello" time="5.766" errors="0" timestamp="2022-03-16T09:16:07 IST" skipped="0">
  <testcase classname="TestNg.Trello" name="createBoard" time="4.457"/>
  <system-out/>
  <testcase classname="TestNg.Trello" name="getboard" time="0.620"/>
  <system-out/>
  <testcase classname="TestNg.Trello" name="DeleteBoard" time="0.689"/>
  <system-out/>
</testsuite> <!-- TestNg.Trello -->
